<?xml version="1.0" encoding="utf-8" standalone="no"?>
<!--This file represents the results of running a test suite-->
<test-results name="C:\Projects\ThirtyDaysOfTDD\ThirtyDaysOfTDD.nunit" total="2" errors="0" failures="0" not-run="0" inconclusive="0" ignored="0" skipped="0" invalid="0" date="2013-09-25" time="11:45:04">
  <environment nunit-version="2.6.2.12296" clr-version="2.0.50727.5466" os-version="Microsoft Windows NT 6.1.7601 Service Pack 1" platform="Win32NT" cwd="C:\Program Files (x86)\NUnit 2.6.2\bin" machine-name="LON-DEV-MIMI" user="milan.milas" user-domain="ALLOCATESOFTWAR" />
  <culture-info current-culture="en-GB" current-uiculture="en-US" />
  <test-suite type="Project" name="C:\Projects\ThirtyDaysOfTDD\ThirtyDaysOfTDD.nunit" executed="True" result="Success" success="True" time="0.244" asserts="0">
    <results>
      <test-suite type="Assembly" name="C:\Projects\ThirtyDaysOfTDD\ThirtyDaysOfTDD.UnitTests\bin\Debug\ThirtyDaysOfTDD.UnitTests.dll" executed="True" result="Success" success="True" time="0.223" asserts="0">
        <results>
          <test-suite type="Namespace" name="ThirtyDaysOfTDD" executed="True" result="Success" success="True" time="0.221" asserts="0">
            <results>
              <test-suite type="Namespace" name="UnitTests" executed="True" result="Success" success="True" time="0.220" asserts="0">
                <results>
                  <test-suite type="TestFixture" name="StringUtilsTests" executed="True" result="Success" success="True" time="0.217" asserts="0">
                    <results>
                      <test-case name="ThirtyDaysOfTDD.UnitTests.StringUtilsTests.ShouldBeAbleToCountNumberOfLettersInAComplexSentence" executed="True" result="Success" success="True" time="0.124" asserts="1" />
                      <test-case name="ThirtyDaysOfTDD.UnitTests.StringUtilsTests.ShouldBeAbleToCountNumberOfLettersInSimpleSentence" executed="True" result="Success" success="True" time="0.000" asserts="1" />
                    </results>
                  </test-suite>
                </results>
              </test-suite>
            </results>
          </test-suite>
        </results>
      </test-suite>
    </results>
  </test-suite>
</test-results>